2023-08-13 17:23:49 [traceId=] INFO  AnnotationConfigContextLoaderUtils: - Could not detect default configuration classes for test class [com.pdfvending.PdfGenerationTest]: PdfGenerationTest does not declare any static, non-private, non-final, nested classes annotated with @Configuration.
2023-08-13 17:23:49 [traceId=] INFO  SpringBootTestContextBootstrapper: - Found @SpringBootConfiguration com.pdfvending.PdfvendingApplication for test class com.pdfvending.PdfGenerationTest
2023-08-13 17:23:50 [traceId=] INFO  PdfGenerationTest: - Starting PdfGenerationTest using Java 17.0.7 with PID 25164 (started by netadmin in D:\TProjects\PDFVending\pdfvending)
2023-08-13 17:23:50 [traceId=] INFO  PdfGenerationTest: - The following 1 profile is active: "development"
2023-08-13 17:23:51 [traceId=] INFO  SpringBootMockServletContext: - Initializing Spring TestDispatcherServlet ''
2023-08-13 17:23:51 [traceId=] INFO  TestDispatcherServlet: - Initializing Servlet ''
2023-08-13 17:23:51 [traceId=] INFO  TestDispatcherServlet: - Completed initialization in 1 ms
2023-08-13 17:23:51 [traceId=] INFO  PdfGenerationTest: - Started PdfGenerationTest in 2.09 seconds (process running for 4.093)
2023-08-13 17:23:53 [traceId=f1002a5b-5527-48c3-87ae-2c71f9f59f37] INFO  PdfController: - generatePDF API Called
2023-08-13 17:23:53 [traceId=f1002a5b-5527-48c3-87ae-2c71f9f59f37] INFO  PDFService: - PDFService is called to generate PDF
2023-08-13 17:23:53 [traceId=f1002a5b-5527-48c3-87ae-2c71f9f59f37] INFO  PDFService: - Get the relevant generator object based on the type passed as a request parameter in the controller
2023-08-13 17:23:53 [traceId=f1002a5b-5527-48c3-87ae-2c71f9f59f37] INFO  PDFService: - class com.pdfvending.services.impl.pdfservices.WelcomeLetterGenerator is selected for the type WelcomeLetter
2023-08-13 17:23:53 [traceId=f1002a5b-5527-48c3-87ae-2c71f9f59f37] INFO  WelcomeLetterGenerator: - Validating the Welcome Letter Data
2023-08-13 17:23:53 [traceId=f1002a5b-5527-48c3-87ae-2c71f9f59f37] INFO  WelcomeLetterGenerator: - Generating the Welcome Letter PDF
2023-08-13 17:25:42 [traceId=] INFO  AnnotationConfigContextLoaderUtils: - Could not detect default configuration classes for test class [com.pdfvending.PdfGenerationTest]: PdfGenerationTest does not declare any static, non-private, non-final, nested classes annotated with @Configuration.
2023-08-13 17:25:42 [traceId=] INFO  SpringBootTestContextBootstrapper: - Found @SpringBootConfiguration com.pdfvending.PdfvendingApplication for test class com.pdfvending.PdfGenerationTest
2023-08-13 17:25:43 [traceId=] INFO  PdfGenerationTest: - Starting PdfGenerationTest using Java 17.0.7 with PID 13572 (started by netadmin in D:\TProjects\PDFVending\pdfvending)
2023-08-13 17:25:43 [traceId=] INFO  PdfGenerationTest: - The following 1 profile is active: "development"
2023-08-13 17:25:45 [traceId=] INFO  SpringBootMockServletContext: - Initializing Spring TestDispatcherServlet ''
2023-08-13 17:25:45 [traceId=] INFO  TestDispatcherServlet: - Initializing Servlet ''
2023-08-13 17:25:45 [traceId=] INFO  TestDispatcherServlet: - Completed initialization in 3 ms
2023-08-13 17:25:45 [traceId=] INFO  PdfGenerationTest: - Started PdfGenerationTest in 2.099 seconds (process running for 3.76)
2023-08-13 17:25:46 [traceId=b9f90c6b-c270-4fd3-b7fd-5148347ee583] INFO  PdfController: - generatePDF API Called
2023-08-13 17:25:46 [traceId=b9f90c6b-c270-4fd3-b7fd-5148347ee583] INFO  PDFService: - PDFService is called to generate PDF
2023-08-13 17:25:46 [traceId=b9f90c6b-c270-4fd3-b7fd-5148347ee583] INFO  PDFService: - Get the relevant generator object based on the type passed as a request parameter in the controller
2023-08-13 17:25:46 [traceId=b9f90c6b-c270-4fd3-b7fd-5148347ee583] INFO  PDFService: - class com.pdfvending.services.impl.pdfservices.WelcomeLetterGenerator is selected for the type WelcomeLetter
2023-08-13 17:25:46 [traceId=b9f90c6b-c270-4fd3-b7fd-5148347ee583] INFO  WelcomeLetterGenerator: - Validating the Welcome Letter Data
2023-08-13 17:25:46 [traceId=b9f90c6b-c270-4fd3-b7fd-5148347ee583] INFO  WelcomeLetterGenerator: - Generating the Welcome Letter PDF
2023-08-13 17:36:10 [traceId=] INFO  AnnotationConfigContextLoaderUtils: - Could not detect default configuration classes for test class [com.pdfvending.PdfGenerationTest]: PdfGenerationTest does not declare any static, non-private, non-final, nested classes annotated with @Configuration.
2023-08-13 17:36:10 [traceId=] INFO  SpringBootTestContextBootstrapper: - Found @SpringBootConfiguration com.pdfvending.PdfvendingApplication for test class com.pdfvending.PdfGenerationTest
2023-08-13 17:36:55 [traceId=] INFO  AnnotationConfigContextLoaderUtils: - Could not detect default configuration classes for test class [com.pdfvending.PdfGenerationTest]: PdfGenerationTest does not declare any static, non-private, non-final, nested classes annotated with @Configuration.
2023-08-13 17:36:55 [traceId=] INFO  SpringBootTestContextBootstrapper: - Found @SpringBootConfiguration com.pdfvending.PdfvendingApplication for test class com.pdfvending.PdfGenerationTest
2023-08-13 17:36:56 [traceId=] INFO  PdfGenerationTest: - Starting PdfGenerationTest using Java 17.0.7 with PID 23444 (started by netadmin in D:\TProjects\PDFVending\pdfvending)
2023-08-13 17:36:56 [traceId=] INFO  PdfGenerationTest: - The following 1 profile is active: "development"
2023-08-13 17:36:57 [traceId=] INFO  SpringBootMockServletContext: - Initializing Spring TestDispatcherServlet ''
2023-08-13 17:36:57 [traceId=] INFO  TestDispatcherServlet: - Initializing Servlet ''
2023-08-13 17:36:57 [traceId=] INFO  TestDispatcherServlet: - Completed initialization in 1 ms
2023-08-13 17:36:57 [traceId=] INFO  PdfGenerationTest: - Started PdfGenerationTest in 1.94 seconds (process running for 3.46)
2023-08-13 17:36:58 [traceId=699ea9cb-c5b8-47ce-9463-e7917e37633a] INFO  PdfController: - generatePDF API Called
2023-08-13 17:36:58 [traceId=699ea9cb-c5b8-47ce-9463-e7917e37633a] INFO  PDFService: - PDFService is called to generate PDF
2023-08-13 17:36:58 [traceId=699ea9cb-c5b8-47ce-9463-e7917e37633a] INFO  PDFService: - Get the relevant generator object based on the type passed as a request parameter in the controller
2023-08-13 17:36:58 [traceId=699ea9cb-c5b8-47ce-9463-e7917e37633a] INFO  PDFService: - class com.pdfvending.services.impl.pdfservices.WelcomeLetterGenerator is selected for the type WelcomeLetter
2023-08-13 17:36:59 [traceId=699ea9cb-c5b8-47ce-9463-e7917e37633a] INFO  WelcomeLetterGenerator: - Validating the Welcome Letter Data
2023-08-13 17:36:59 [traceId=699ea9cb-c5b8-47ce-9463-e7917e37633a] INFO  WelcomeLetterGenerator: - Generating the Welcome Letter PDF
