2023-08-17 01:55:14 [traceId=] INFO  [/]: - Initializing Spring DispatcherServlet 'dispatcherServlet'
2023-08-17 01:55:14 [traceId=] INFO  DispatcherServlet: - Initializing Servlet 'dispatcherServlet'
2023-08-17 01:55:14 [traceId=] INFO  DispatcherServlet: - Completed initialization in 0 ms
2023-08-17 01:55:15 [traceId=ca7a1ec8-eada-4226-80ff-c8fd1ee6819c] INFO  PdfController: - generatePDF API Called
2023-08-17 01:55:15 [traceId=ca7a1ec8-eada-4226-80ff-c8fd1ee6819c] INFO  PDFService: - PDFService is called to generate PDF
2023-08-17 01:55:15 [traceId=ca7a1ec8-eada-4226-80ff-c8fd1ee6819c] INFO  PDFService: - Get the relevant generator object based on the type passed as a request parameter in the controller
2023-08-17 01:55:15 [traceId=ca7a1ec8-eada-4226-80ff-c8fd1ee6819c] INFO  PDFService: - class com.pdfvending.services.doctype.LoanStatementGenerator is selected for the type LoanStatement
2023-08-17 01:55:15 [traceId=ca7a1ec8-eada-4226-80ff-c8fd1ee6819c] INFO  LoanStatementGenerator: - Validating the Welcome Letter Data
2023-08-17 01:55:15 [traceId=ca7a1ec8-eada-4226-80ff-c8fd1ee6819c] INFO  LoanStatementGenerator: - Generating the Welcome Letter PDF
2023-08-17 01:55:15 [traceId=ca7a1ec8-eada-4226-80ff-c8fd1ee6819c] INFO  FlyingSaucerPdfConverter: - File will be generated with the name loan-statement17-08-2023-01-55-15-298
2023-08-17 01:55:15 [traceId=ca7a1ec8-eada-4226-80ff-c8fd1ee6819c] INFO  FlyingSaucerPdfConverter: - PDF Generation took 121 milliseconds
2023-08-17 01:55:15 [traceId=ca7a1ec8-eada-4226-80ff-c8fd1ee6819c] INFO  FlyingSaucerPdfConverter: - loan-statement17-08-2023-01-55-15-298 File will be stored in the temp location 
2023-08-17 01:55:15 [traceId=ca7a1ec8-eada-4226-80ff-c8fd1ee6819c] INFO  PDFStorageService: - Storing PDF file loan-statement17-08-2023-01-55-15-298.pdf using storage type LOCAL_FILE_SYSTEM
2023-08-17 01:55:15 [traceId=ca7a1ec8-eada-4226-80ff-c8fd1ee6819c] INFO  LocalFileSystemStorage: - Generating file at following location D:/TProjects/PDFVending/temp
2023-08-17 01:55:15 [traceId=ca7a1ec8-eada-4226-80ff-c8fd1ee6819c] INFO  PdfController: - Sending PDF as a response
2023-08-17 01:55:15 [traceId=ca7a1ec8-eada-4226-80ff-c8fd1ee6819c] INFO  LocalFileSystemStorage: - PDF file stored to temp location D:\TProjects\PDFVending\temp\loan-statement17-08-2023-01-55-15-298.pdf
2023-08-17 01:55:15 [traceId=ca7a1ec8-eada-4226-80ff-c8fd1ee6819c] INFO  PDFStorageService: - PDF File loan-statement17-08-2023-01-55-15-298.pdf stored at location D:/TProjects/PDFVending/temp
2023-08-17 01:55:15 [traceId=ca7a1ec8-eada-4226-80ff-c8fd1ee6819c] INFO  PDFStorageService: - loan-statement17-08-2023-01-55-15-298.pdf File will be moved to the target location 
2023-08-17 01:55:15 [traceId=ca7a1ec8-eada-4226-80ff-c8fd1ee6819c] INFO  PDFMoveService: - Moving strategy class com.pdfvending.services.move.impl.FileSystemMoveStrategy selected for REMOTE_FILE_SYSTEM
2023-08-17 01:55:15 [traceId=ca7a1ec8-eada-4226-80ff-c8fd1ee6819c] INFO  FileSystemMoveStrategy: - D:/TProjects/PDFVending/data 17-08-2023 loan-statement17-08-2023-01-55-15-298.pdf
2023-08-17 01:55:15 [traceId=ca7a1ec8-eada-4226-80ff-c8fd1ee6819c] INFO  FileSystemMoveStrategy: - File moved from source i.e. D:\TProjects\PDFVending\temp\loan-statement17-08-2023-01-55-15-298.pdf to destination D:\TProjects\PDFVending\data\17-08-2023\loan-statement17-08-2023-01-55-15-298.pdf
2023-08-17 02:18:03 [traceId=] INFO  PdfvendingApplication: - Starting PdfvendingApplication using Java 17.0.7 with PID 33172 (D:\TProjects\PDFVending\pdfvending\target\classes started by netadmin in D:\TProjects\PDFVending)
2023-08-17 02:18:03 [traceId=] INFO  PdfvendingApplication: - The following 1 profile is active: "development"
2023-08-17 02:18:04 [traceId=] INFO  TomcatWebServer: - Tomcat initialized with port(s): 8080 (http)
2023-08-17 02:18:04 [traceId=] INFO  Http11NioProtocol: - Initializing ProtocolHandler ["http-nio-8080"]
2023-08-17 02:18:04 [traceId=] INFO  StandardService: - Starting service [Tomcat]
2023-08-17 02:18:04 [traceId=] INFO  StandardEngine: - Starting Servlet engine: [Apache Tomcat/10.1.11]
2023-08-17 02:18:05 [traceId=] INFO  [/]: - Initializing Spring embedded WebApplicationContext
2023-08-17 02:18:05 [traceId=] INFO  ServletWebServerApplicationContext: - Root WebApplicationContext: initialization completed in 1786 ms
2023-08-17 02:18:05 [traceId=] INFO  Http11NioProtocol: - Starting ProtocolHandler ["http-nio-8080"]
2023-08-17 02:18:05 [traceId=] INFO  TomcatWebServer: - Tomcat started on port(s): 8080 (http) with context path ''
2023-08-17 02:18:05 [traceId=] INFO  PdfvendingApplication: - Started PdfvendingApplication in 3.017 seconds (process running for 3.953)
2023-08-17 02:18:12 [traceId=] INFO  [/]: - Initializing Spring DispatcherServlet 'dispatcherServlet'
2023-08-17 02:18:12 [traceId=] INFO  DispatcherServlet: - Initializing Servlet 'dispatcherServlet'
2023-08-17 02:18:12 [traceId=] INFO  DispatcherServlet: - Completed initialization in 1 ms
2023-08-17 02:18:12 [traceId=213f0881-10bb-4eb1-8892-3bf16b6b365f] INFO  PdfController: - generatePDF API Called
2023-08-17 02:18:12 [traceId=213f0881-10bb-4eb1-8892-3bf16b6b365f] INFO  PDFService: - PDFService is called to generate PDF
2023-08-17 02:18:12 [traceId=213f0881-10bb-4eb1-8892-3bf16b6b365f] INFO  PDFService: - Get the relevant generator object based on the type passed as a request parameter in the controller
2023-08-17 02:18:12 [traceId=213f0881-10bb-4eb1-8892-3bf16b6b365f] INFO  PDFService: - class com.pdfvending.services.doctype.LoanStatementGenerator is selected for the type LoanStatement
2023-08-17 02:18:12 [traceId=213f0881-10bb-4eb1-8892-3bf16b6b365f] INFO  LoanStatementGenerator: - Validating the Welcome Letter Data
2023-08-17 02:18:12 [traceId=213f0881-10bb-4eb1-8892-3bf16b6b365f] INFO  LoanStatementGenerator: - Generating the Welcome Letter PDF
2023-08-17 02:18:12 [traceId=213f0881-10bb-4eb1-8892-3bf16b6b365f] INFO  FlyingSaucerPdfConverter: - File will be generated with the name loan-statement17-08-2023-02-18-12-479
2023-08-17 02:18:13 [traceId=213f0881-10bb-4eb1-8892-3bf16b6b365f] INFO  FlyingSaucerPdfConverter: - PDF Generation took 118 milliseconds
2023-08-17 02:18:13 [traceId=213f0881-10bb-4eb1-8892-3bf16b6b365f] INFO  FlyingSaucerPdfConverter: - loan-statement17-08-2023-02-18-12-479 File will be stored in the temp location 
2023-08-17 02:18:13 [traceId=213f0881-10bb-4eb1-8892-3bf16b6b365f] INFO  PDFStorageService: - Storing PDF file loan-statement17-08-2023-02-18-12-479.pdf using storage type LOCAL_FILE_SYSTEM
2023-08-17 02:18:13 [traceId=213f0881-10bb-4eb1-8892-3bf16b6b365f] INFO  LocalFileSystemStorage: - Generating file at following location D:/TProjects/PDFVending/temp
2023-08-17 02:18:13 [traceId=213f0881-10bb-4eb1-8892-3bf16b6b365f] INFO  PdfController: - Sending PDF as a response
2023-08-17 02:18:13 [traceId=213f0881-10bb-4eb1-8892-3bf16b6b365f] INFO  LocalFileSystemStorage: - PDF file stored to temp location D:\TProjects\PDFVending\temp\loan-statement17-08-2023-02-18-12-479.pdf
2023-08-17 02:18:13 [traceId=213f0881-10bb-4eb1-8892-3bf16b6b365f] INFO  PDFStorageService: - PDF File loan-statement17-08-2023-02-18-12-479.pdf stored at location D:/TProjects/PDFVending/temp
2023-08-17 02:18:13 [traceId=213f0881-10bb-4eb1-8892-3bf16b6b365f] INFO  PDFStorageService: - loan-statement17-08-2023-02-18-12-479.pdf File will be moved to the target location 
2023-08-17 02:18:13 [traceId=213f0881-10bb-4eb1-8892-3bf16b6b365f] INFO  PDFMoveService: - Moving strategy class com.pdfvending.services.move.impl.FileSystemMoveStrategy selected for REMOTE_FILE_SYSTEM
2023-08-17 02:18:13 [traceId=213f0881-10bb-4eb1-8892-3bf16b6b365f] INFO  FileSystemMoveStrategy: - D:/TProjects/PDFVending/data 17-08-2023 loan-statement17-08-2023-02-18-12-479.pdf
2023-08-17 02:18:13 [traceId=213f0881-10bb-4eb1-8892-3bf16b6b365f] INFO  FileSystemMoveStrategy: - File moved from source i.e. D:\TProjects\PDFVending\temp\loan-statement17-08-2023-02-18-12-479.pdf to destination D:\TProjects\PDFVending\data\17-08-2023\loan-statement17-08-2023-02-18-12-479.pdf
